\BOOKMARK [1][-]{section.1}{\376\377\301\034\270\140}{}% 1
\BOOKMARK [1][-]{section.2}{\376\377\274\060\254\275}{}% 2
\BOOKMARK [2][-]{subsection.2.1}{\376\377\000T\000u\000r\000b\000o\000Q\000u\000a\000n\000t}{section.2}% 3
\BOOKMARK [1][-]{section.3}{\376\377\302\334\302\244\321\134\000\040\301\044\254\304}{}% 4
\BOOKMARK [2][-]{subsection.3.1}{\376\377\317\374\271\254\000\040\310\004\314\230\271\254\000:\000\040\000G\000P\000U\000-\000S\000i\000d\000e\000\040\000W\000H\000T}{section.3}% 5
\BOOKMARK [2][-]{subsection.3.2}{\376\377\000K\000\040\302\244\317\124\305\264\271\301\000:\000\040\000W\000H\000T\000\040\263\304\272\124\307\170\000\040\260\264\310\001}{section.3}% 6
\BOOKMARK [2][-]{subsection.3.3}{\376\377\000V\000\040\262\004\310\001\000\040\274\017\000\040\000I\000W\000H\000T\000\040\265\024\317\124\265\051}{section.3}% 7
\BOOKMARK [2][-]{subsection.3.4}{\376\377\276\024\270\135\274\304\000\040\000v\000s\000.\000\040\310\004\305\355\000\040\310\025\255\334\326\124}{section.3}% 8
\BOOKMARK [1][-]{section.4}{\376\377\263\331\310\001\000\040\305\264\321\120\301\130\000\040\300\344\325\004\262\335}{}% 9
\BOOKMARK [2][-]{subsection.4.1}{\376\377\000S\000o\000f\000t\000m\000a\000x\000\040\323\311\320\304\326\124\000\040\273\070\310\034}{section.4}% 10
\BOOKMARK [2][-]{subsection.4.2}{\376\377\000\050\000N\000\051\000\040\307\040\263\304}{section.4}% 11
\BOOKMARK [2][-]{subsection.4.3}{\376\377\320\300\307\205\274\304\000\040\254\304\302\030}{section.4}% 12
\BOOKMARK [1][-]{section.5}{\376\377\000F\000l\000a\000s\000h\000\040\000A\000t\000t\000e\000n\000t\000i\000o\000n\307\130\000\040\274\030\310\025\274\000\263\304\000\040\274\321\271\254\325\131}{}% 13
\BOOKMARK [2][-]{subsection.5.1}{\376\377\274\204\255\370}{section.5}% 14
\BOOKMARK [2][-]{subsection.5.2}{\376\377\311\235\300\301}{section.5}% 15
\BOOKMARK [2][-]{subsection.5.3}{\376\377\302\030\310\025}{section.5}% 16
\BOOKMARK [2][-]{subsection.5.4}{\376\377\306\001\325\245}{section.5}% 17
\BOOKMARK [1][-]{section.6}{\376\377\305\324\311\300\262\310\305\264\271\301\000\040\325\004\270\010\307\204\306\314\320\154}{}% 18
\BOOKMARK [2][-]{subsection.6.1}{\376\377\320\300\307\205\000\040\302\334\302\244\321\134}{section.6}% 19
\BOOKMARK [2][-]{subsection.6.2}{\376\377\000D\000o\000u\000b\000l\000e\000\040\000W\000H\000T\000\040\000P\000e\000r\000-\000H\000e\000a\000d\000\040\000\050\000\137\0003\000\040\320\300\307\205\000\051}{section.6}% 20
\BOOKMARK [2][-]{subsection.6.3}{\376\377\000M\000M\000S\000E\000\040\263\331\310\001\000\040\301\214\325\004\322\270\262\335\000\040\000\050\000d\000=\0006\0004\000\051}{section.6}% 21
\BOOKMARK [2][-]{subsection.6.4}{\376\377\000G\000L\000M\000\040\0005\0007\0006\000:\000\040\276\104\263\000\316\155\000\040\000K\000/\000V}{section.6}% 22
\BOOKMARK [2][-]{subsection.6.5}{\376\377\000S\000W\000A\000\040\000F\0001\0006\000\040\274\024\307\164\323\050\302\244}{section.6}% 23
\BOOKMARK [2][-]{subsection.6.6}{\376\377\000V\000\040\000R\000o\000t\000a\000t\000i\000o\000n\000\040\276\104\326\070\326\130\301\061}{section.6}% 24
\BOOKMARK [1][-]{section.7}{\376\377\254\034\274\034\000\040\320\300\307\204\267\174\307\170}{}% 25
\BOOKMARK [1][-]{section.8}{\376\377\302\344\325\330\000\040\254\260\254\374}{}% 26
\BOOKMARK [2][-]{subsection.8.1}{\376\377\000P\000e\000r\000p\000l\000e\000x\000i\000t\000y}{section.8}% 27
\BOOKMARK [2][-]{subsection.8.2}{\376\377\302\030\325\131\000\040\310\025\326\125\263\304}{section.8}% 28
\BOOKMARK [2][-]{subsection.8.3}{\376\377\272\124\272\250\271\254}{section.8}% 29
\BOOKMARK [2][-]{subsection.8.4}{\376\377\254\260\310\025\301\061}{section.8}% 30
\BOOKMARK [1][-]{section.9}{\376\377\255\000\270\050\000\040\305\360\255\154}{}% 31
\BOOKMARK [1][-]{section.10}{\376\377\254\260\270\140}{}% 32
